2024-07-20 12:29:49 - Application started
2024-07-20 12:29:49 - Login attempt 1 of 3
2024-07-20 12:29:53 - PIN validation attempt: Success
2024-07-20 12:29:53 - Login successful
2024-07-20 12:29:53 - Access granted. Proceeding with the application.
2024-07-20 12:30:08 - An unexpected error occurred: name 'selected_patient' is not defined
2024-07-20 12:46:53 - Application started
2024-07-20 12:46:53 - Login attempt 1 of 3
2024-07-20 12:46:55 - PIN validation attempt: Success
2024-07-20 12:46:55 - Login successful
2024-07-20 12:46:55 - Access granted. Proceeding with the application.
2024-07-20 12:48:53 - An unexpected error occurred: name 'selected_patient' is not defined
2024-07-20 12:57:41 - Application started
2024-07-20 12:57:41 - Login attempt 1 of 3
2024-07-20 12:57:44 - PIN validation attempt: Success
2024-07-20 12:57:44 - Login successful
2024-07-20 12:57:44 - Access granted. Proceeding with the application.
2024-07-20 13:04:13 - Application terminated by user.
20-07-2024 14:43:35 - Application started
20-07-2024 14:43:35 - Login attempt 1 of 3
20-07-2024 14:44:38 - PIN validation attempt: Failure
20-07-2024 14:44:38 - Invalid PIN entry
20-07-2024 14:44:38 - Login attempt 2 of 3
20-07-2024 14:44:45 - PIN validation attempt: Success
20-07-2024 14:44:45 - Login successful
20-07-2024 14:44:45 - Access granted. Proceeding with the application.
20-07-2024 14:47:28 - Application terminated by user.
20-07-2024 14:47:43 - Application started
20-07-2024 14:47:43 - Login attempt 1 of 3
20-07-2024 14:47:46 - PIN validation attempt: Success
20-07-2024 14:47:46 - Login successful
20-07-2024 14:47:46 - Access granted. Proceeding with the application.
20-07-2024 15:05:37 - Application terminated by user.
20-07-2024 15:05:45 - Application started
20-07-2024 15:05:45 - Login attempt 1 of 3
20-07-2024 15:05:48 - PIN validation attempt: Success
20-07-2024 15:05:48 - Login successful
20-07-2024 15:05:48 - Access granted. Proceeding with the application.
20-07-2024 15:13:31 - Application terminated by user.
20-07-2024 15:20:33 - Application started
20-07-2024 15:20:33 - Login attempt 1 of 3
20-07-2024 15:27:08 - Application terminated by user.
